ERROR 2026-05-28 08:47:44,346 NE_RS_UNBLDRE: Unable to load application resource file /resources/favicon.ico api\debug\debug.cpp:20 Henrique Souza@RPD-01401-TEC
ERROR 2026-05-28 08:49:50,400 NE_RS_UNBLDRE: Unable to load application resource file /resources/favicon.ico api\debug\debug.cpp:20 Henrique Souza@RPD-01401-TEC
ERROR 2026-05-28 08:59:45,238 NE_RS_UNBLDRE: Unable to load application resource file /resources/favicon.ico api\debug\debug.cpp:20 Henrique Souza@RPD-01401-TEC
ERROR 2026-05-28 09:03:15,828 NE_RS_UNBLDRE: Unable to load application resource file /resources/favicon.ico api\debug\debug.cpp:20 Henrique Souza@RPD-01401-TEC
ERROR 2026-05-28 09:05:53,989 NE_RS_UNBLDRE: Unable to load application resource file /resources/favicon.ico api\debug\debug.cpp:20 Henrique Souza@RPD-01401-TEC
ERROR 2026-05-28 09:08:24,138 NE_RS_UNBLDRE: Unable to load application resource file /resources/favicon.ico api\debug\debug.cpp:20 Henrique Souza@RPD-01401-TEC
ERROR 2026-05-28 09:08:48,432 NE_RS_UNBLDRE: Unable to load application resource file /resources/resources/js/sharepoint.js api\debug\debug.cpp:20 Henrique Souza@RPD-01401-TEC
ERROR 2026-05-28 09:08:48,484 NE_RS_UNBLDRE: Unable to load application resource file /resources/resources/js/auth.js api\debug\debug.cpp:20 Henrique Souza@RPD-01401-TEC
ERROR 2026-05-28 09:08:55,024 NE_RS_UNBLDRE: Unable to load application resource file /resources/resources/js/sharepoint.js api\debug\debug.cpp:20 Henrique Souza@RPD-01401-TEC
ERROR 2026-05-28 09:08:55,024 NE_RS_UNBLDRE: Unable to load application resource file /resources/resources/js/auth.js api\debug\debug.cpp:20 Henrique Souza@RPD-01401-TEC
ERROR 2026-05-28 09:11:15,565 NE_RS_UNBLDRE: Unable to load application resource file /resources/favicon.ico api\debug\debug.cpp:20 Henrique Souza@RPD-01401-TEC
ERROR 2026-05-28 09:13:14,650 NE_RS_UNBLDRE: Unable to load application resource file /resources/favicon.ico api\debug\debug.cpp:20 Henrique Souza@RPD-01401-TEC
ERROR 2026-05-28 09:15:04,185 NE_RS_UNBLDRE: Unable to load application resource file /resources/favicon.ico api\debug\debug.cpp:20 Henrique Souza@RPD-01401-TEC
ERROR 2026-05-28 09:16:53,371 NE_RS_UNBLDRE: Unable to load application resource file /resources/favicon.ico api\debug\debug.cpp:20 Henrique Souza@RPD-01401-TEC
ERROR 2026-05-28 09:19:21,903 NE_RS_UNBLDRE: Unable to load application resource file /resources/favicon.ico api\debug\debug.cpp:20 Henrique Souza@RPD-01401-TEC
ERROR 2026-05-28 17:06:11,285 NE_RS_UNBLDRE: Unable to load application resource file /resources/favicon.ico api\debug\debug.cpp:20 Henrique Souza@RPD-01401-TEC
ERROR 2026-05-29 11:06:07,389 NE_RS_UNBLDRE: Unable to load application resource file /resources/favicon.ico api\debug\debug.cpp:20 Henrique Souza@RPD-01401-TEC
ERROR 2026-05-29 11:06:12,072 NE_RS_UNBLDRE: Unable to load application resource file /resources/resources/js/sharepoint.js api\debug\debug.cpp:20 Henrique Souza@RPD-01401-TEC
ERROR 2026-05-29 11:06:12,374 NE_RS_UNBLDRE: Unable to load application resource file /resources/resources/js/auth.js api\debug\debug.cpp:20 Henrique Souza@RPD-01401-TEC
ERROR 2026-05-29 11:06:30,219 NE_RS_UNBLDRE: Unable to load application resource file /resources/resources/js/sharepoint.js api\debug\debug.cpp:20 Henrique Souza@RPD-01401-TEC
ERROR 2026-05-29 11:06:30,286 NE_RS_UNBLDRE: Unable to load application resource file /resources/resources/js/auth.js api\debug\debug.cpp:20 Henrique Souza@RPD-01401-TEC
ERROR 2026-05-29 11:11:20,598 NE_RS_UNBLDRE: Unable to load application resource file /resources/favicon.ico api\debug\debug.cpp:20 Henrique Souza@RPD-01401-TEC
ERROR 2026-05-29 11:13:57,577 NE_RS_UNBLDRE: Unable to load application resource file /resources/favicon.ico api\debug\debug.cpp:20 Henrique Souza@RPD-01401-TEC
ERROR 2026-05-29 11:15:03,915 NE_RS_UNBLDRE: Unable to load application resource file /resources/resources/js/sharepoint.js api\debug\debug.cpp:20 Henrique Souza@RPD-01401-TEC
ERROR 2026-05-29 11:15:03,968 NE_RS_UNBLDRE: Unable to load application resource file /resources/resources/js/auth.js api\debug\debug.cpp:20 Henrique Souza@RPD-01401-TEC
ERROR 2026-05-29 11:21:11,586 NE_RS_UNBLDRE: Unable to load application resource file /resources/favicon.ico api\debug\debug.cpp:20 Henrique Souza@RPD-01401-TEC
ERROR 2026-05-29 11:21:26,515 NE_RS_UNBLDRE: Unable to load application resource file /resources/favicon.ico api\debug\debug.cpp:20 Henrique Souza@RPD-01401-TEC
ERROR 2026-05-29 11:22:06,759 NE_RS_UNBLDRE: Unable to load application resource file /resources/resources/js/sharepoint.js api\debug\debug.cpp:20 Henrique Souza@RPD-01401-TEC
ERROR 2026-05-29 11:22:06,813 NE_RS_UNBLDRE: Unable to load application resource file /resources/resources/js/auth.js api\debug\debug.cpp:20 Henrique Souza@RPD-01401-TEC
ERROR 2026-05-29 11:24:45,556 NE_RS_UNBLDRE: Unable to load application resource file /resources/favicon.ico api\debug\debug.cpp:20 Henrique Souza@RPD-01401-TEC
ERROR 2026-05-29 11:25:26,051 NE_RS_UNBLDRE: Unable to load application resource file /resources/resources/js/sharepoint.js api\debug\debug.cpp:20 Henrique Souza@RPD-01401-TEC
ERROR 2026-05-29 11:25:26,115 NE_RS_UNBLDRE: Unable to load application resource file /resources/resources/js/auth.js api\debug\debug.cpp:20 Henrique Souza@RPD-01401-TEC
ERROR 2026-05-29 11:25:32,321 NE_RS_UNBLDRE: Unable to load application resource file /resources/resources/js/sharepoint.js api\debug\debug.cpp:20 Henrique Souza@RPD-01401-TEC
ERROR 2026-05-29 11:25:32,321 NE_RS_UNBLDRE: Unable to load application resource file /resources/resources/js/auth.js api\debug\debug.cpp:20 Henrique Souza@RPD-01401-TEC
ERROR 2026-05-29 11:25:35,749 NE_RS_UNBLDRE: Unable to load application resource file /resources/resources/js/sharepoint.js api\debug\debug.cpp:20 Henrique Souza@RPD-01401-TEC
ERROR 2026-05-29 11:25:35,749 NE_RS_UNBLDRE: Unable to load application resource file /resources/resources/js/auth.js api\debug\debug.cpp:20 Henrique Souza@RPD-01401-TEC
ERROR 2026-05-29 11:29:33,535 NE_RS_UNBLDRE: Unable to load application resource file /resources/favicon.ico api\debug\debug.cpp:20 Henrique Souza@RPD-01401-TEC
ERROR 2026-05-29 11:30:19,994 NE_RS_UNBLDRE: Unable to load application resource file /resources/resources/js/sharepoint.js api\debug\debug.cpp:20 Henrique Souza@RPD-01401-TEC
ERROR 2026-05-29 11:30:20,049 NE_RS_UNBLDRE: Unable to load application resource file /resources/resources/js/auth.js api\debug\debug.cpp:20 Henrique Souza@RPD-01401-TEC
ERROR 2026-05-29 11:34:28,380 NE_RS_UNBLDRE: Unable to load application resource file /resources/resources/js/sharepoint.js api\debug\debug.cpp:20 Henrique Souza@RPD-01401-TEC
ERROR 2026-05-29 11:34:28,432 NE_RS_UNBLDRE: Unable to load application resource file /resources/resources/js/auth.js api\debug\debug.cpp:20 Henrique Souza@RPD-01401-TEC
ERROR 2026-05-29 11:40:33,574 NE_RS_UNBLDRE: Unable to load application resource file /resources/favicon.ico api\debug\debug.cpp:20 Henrique Souza@RPD-01401-TEC
ERROR 2026-05-29 11:42:29,565 NE_RS_UNBLDRE: Unable to load application resource file /resources/favicon.ico api\debug\debug.cpp:20 Henrique Souza@RPD-01401-TEC
ERROR 2026-05-29 11:44:33,600 NE_RS_UNBLDRE: Unable to load application resource file /resources/favicon.ico api\debug\debug.cpp:20 Henrique Souza@RPD-01401-TEC
ERROR 2026-05-29 11:46:28,322 NE_RS_UNBLDRE: Unable to load application resource file /resources/resources/js/sharepoint.js api\debug\debug.cpp:20 Henrique Souza@RPD-01401-TEC
ERROR 2026-05-29 11:46:28,388 NE_RS_UNBLDRE: Unable to load application resource file /resources/resources/js/auth.js api\debug\debug.cpp:20 Henrique Souza@RPD-01401-TEC
ERROR 2026-05-29 11:46:31,498 NE_RS_UNBLDRE: Unable to load application resource file /resources/resources/js/sharepoint.js api\debug\debug.cpp:20 Henrique Souza@RPD-01401-TEC
ERROR 2026-05-29 11:46:31,498 NE_RS_UNBLDRE: Unable to load application resource file /resources/resources/js/auth.js api\debug\debug.cpp:20 Henrique Souza@RPD-01401-TEC
ERROR 2026-05-29 11:46:54,601 NE_RS_UNBLDRE: Unable to load application resource file /resources/favicon.ico api\debug\debug.cpp:20 Henrique Souza@RPD-01401-TEC
ERROR 2026-05-29 11:48:48,507 NE_RS_UNBLDRE: Unable to load application resource file /resources/favicon.ico api\debug\debug.cpp:20 Henrique Souza@RPD-01401-TEC
ERROR 2026-05-29 14:57:59,584 NE_RS_UNBLDRE: Unable to load application resource file /resources/favicon.ico api\debug\debug.cpp:20 Henrique Souza@RPD-01401-TEC
ERROR 2026-05-29 14:58:02,000 NE_RS_UNBLDRE: Unable to load application resource file /resources/resources/js/sharepoint.js api\debug\debug.cpp:20 Henrique Souza@RPD-01401-TEC
ERROR 2026-05-29 14:58:02,067 NE_RS_UNBLDRE: Unable to load application resource file /resources/resources/js/auth.js api\debug\debug.cpp:20 Henrique Souza@RPD-01401-TEC
ERROR 2026-05-29 14:58:10,786 NE_RS_UNBLDRE: Unable to load application resource file /resources/resources/js/sharepoint.js api\debug\debug.cpp:20 Henrique Souza@RPD-01401-TEC
ERROR 2026-05-29 14:58:10,787 NE_RS_UNBLDRE: Unable to load application resource file /resources/resources/js/auth.js api\debug\debug.cpp:20 Henrique Souza@RPD-01401-TEC
ERROR 2026-05-29 15:13:51,599 NE_RS_UNBLDRE: Unable to load application resource file /resources/favicon.ico api\debug\debug.cpp:20 Henrique Souza@RPD-01401-TEC
ERROR 2026-05-29 15:14:10,337 NE_RS_UNBLDRE: Unable to load application resource file /resources/resources/js/sharepoint.js api\debug\debug.cpp:20 Henrique Souza@RPD-01401-TEC
ERROR 2026-05-29 15:14:10,337 NE_RS_UNBLDRE: Unable to load application resource file /resources/resources/js/auth.js api\debug\debug.cpp:20 Henrique Souza@RPD-01401-TEC
ERROR 2026-05-29 15:20:53,734 NE_RS_UNBLDRE: Unable to load application resource file /resources/favicon.ico api\debug\debug.cpp:20 Henrique Souza@RPD-01401-TEC
ERROR 2026-05-29 15:20:58,117 NE_RS_UNBLDRE: Unable to load application resource file /resources/resources/js/sharepoint.js api\debug\debug.cpp:20 Henrique Souza@RPD-01401-TEC
ERROR 2026-05-29 15:20:58,169 NE_RS_UNBLDRE: Unable to load application resource file /resources/resources/js/auth.js api\debug\debug.cpp:20 Henrique Souza@RPD-01401-TEC
ERROR 2026-05-29 16:44:16,437 NE_RS_UNBLDRE: Unable to load application resource file /resources/favicon.ico api\debug\debug.cpp:20 Henrique Souza@RPD-01401-TEC
ERROR 2026-06-01 08:12:03,059 NE_RS_UNBLDRE: Unable to load application resource file /resources/favicon.ico api\debug\debug.cpp:20 Henrique Souza@RPD-01401-TEC
ERROR 2026-06-01 08:28:50,430 NE_RS_UNBLDRE: Unable to load application resource file /resources/favicon.ico api\debug\debug.cpp:20 Henrique Souza@RPD-01401-TEC
ERROR 2026-06-01 08:31:19,820 NE_RS_UNBLDRE: Unable to load application resource file /resources/favicon.ico api\debug\debug.cpp:20 Henrique Souza@RPD-01401-TEC
ERROR 2026-06-01 09:21:33,901 NE_RS_UNBLDRE: Unable to load application resource file /resources/favicon.ico api\debug\debug.cpp:20 Henrique Souza@RPD-01401-TEC
ERROR 2026-06-01 09:52:45,008 NE_RS_UNBLDRE: Unable to load application resource file /resources/favicon.ico api\debug\debug.cpp:20 Henrique Souza@RPD-01401-TEC
ERROR 2026-06-01 09:53:10,939 NE_RS_UNBLDRE: Unable to load application resource file /resources/hub.html api\debug\debug.cpp:20 Henrique Souza@RPD-01401-TEC
ERROR 2026-06-01 09:53:12,053 NE_RS_UNBLDRE: Unable to load application resource file /resources/hub.html api\debug\debug.cpp:20 Henrique Souza@RPD-01401-TEC
ERROR 2026-06-01 09:53:23,778 NE_RS_UNBLDRE: Unable to load application resource file /resources/favicon.ico api\debug\debug.cpp:20 Henrique Souza@RPD-01401-TEC
ERROR 2026-06-01 09:53:40,968 NE_RS_UNBLDRE: Unable to load application resource file /resources/hub.html api\debug\debug.cpp:20 Henrique Souza@RPD-01401-TEC
ERROR 2026-06-01 09:55:40,641 NE_RS_UNBLDRE: Unable to load application resource file /resources/favicon.ico api\debug\debug.cpp:20 Henrique Souza@RPD-01401-TEC
ERROR 2026-06-01 09:56:17,577 NE_RS_UNBLDRE: Unable to load application resource file /resources/favicon.ico api\debug\debug.cpp:20 Henrique Souza@RPD-01401-TEC
ERROR 2026-06-01 10:02:04,913 NE_RS_UNBLDRE: Unable to load application resource file /resources/favicon.ico api\debug\debug.cpp:20 Henrique Souza@RPD-01401-TEC
ERROR 2026-06-01 13:51:26,214 NE_RS_UNBLDRE: Unable to load application resource file /resources/favicon.ico api\debug\debug.cpp:20 Henrique Souza@RPD-01401-TEC
ERROR 2026-06-01 13:57:23,958 NE_RS_UNBLDRE: Unable to load application resource file /resources/favicon.ico api\debug\debug.cpp:20 Henrique Souza@RPD-01401-TEC
ERROR 2026-06-01 14:00:17,398 NE_RS_UNBLDRE: Unable to load application resource file /resources/favicon.ico api\debug\debug.cpp:20 Henrique Souza@RPD-01401-TEC
ERROR 2026-06-01 14:05:09,844 NE_RS_UNBLDRE: Unable to load application resource file /resources/favicon.ico api\debug\debug.cpp:20 Henrique Souza@RPD-01401-TEC
ERROR 2026-06-01 14:42:04,084 NE_RS_UNBLDRE: Unable to load application resource file /resources/hub.html api\debug\debug.cpp:20 Henrique Souza@RPD-01401-TEC
ERROR 2026-06-01 14:42:05,586 NE_RS_UNBLDRE: Unable to load application resource file /resources/hub.html api\debug\debug.cpp:20 Henrique Souza@RPD-01401-TEC
ERROR 2026-06-01 14:43:31,641 NE_RS_UNBLDRE: Unable to load application resource file /resources/favicon.ico api\debug\debug.cpp:20 Henrique Souza@RPD-01401-TEC
ERROR 2026-06-02 10:18:50,575 NE_RS_UNBLDRE: Unable to load application resource file /resources/favicon.ico api\debug\debug.cpp:20 Henrique Souza@RPD-01401-TEC
ERROR 2026-06-02 11:02:28,468 NE_RS_UNBLDRE: Unable to load application resource file /resources/favicon.ico api\debug\debug.cpp:20 Henrique Souza@RPD-01401-TEC
ERROR 2026-06-02 11:15:30,200 NE_RS_UNBLDRE: Unable to load application resource file /resources/favicon.ico api\debug\debug.cpp:20 Henrique Souza@RPD-01401-TEC
ERROR 2026-06-02 12:06:48,121 NE_RS_UNBLDRE: Unable to load application resource file /resources/favicon.ico api\debug\debug.cpp:20 Henrique Souza@RPD-01401-TEC
ERROR 2026-06-02 13:43:46,343 NE_RS_UNBLDRE: Unable to load application resource file /resources/favicon.ico api\debug\debug.cpp:20 Henrique Souza@RPD-01401-TEC
ERROR 2026-06-09 13:54:45,359 NE_RS_UNBLDRE: Unable to load application resource file /resources/codins/js/neutralino.js api\debug\debug.cpp:20 Henrique Souza@RPD-01401-TEC
ERROR 2026-06-09 13:54:46,346 NE_RS_UNBLDRE: Unable to load application resource file /resources/codins/codins/index.html api\debug\debug.cpp:20 Henrique Souza@RPD-01401-TEC
ERROR 2026-06-09 13:54:48,177 NE_RS_UNBLDRE: Unable to load application resource file /resources/codins/codins/index.html api\debug\debug.cpp:20 Henrique Souza@RPD-01401-TEC
ERROR 2026-06-09 13:54:49,072 NE_RS_UNBLDRE: Unable to load application resource file /resources/codins/codins/index.html api\debug\debug.cpp:20 Henrique Souza@RPD-01401-TEC
ERROR 2026-06-09 13:54:49,461 NE_RS_UNBLDRE: Unable to load application resource file /resources/codins/codins/index.html api\debug\debug.cpp:20 Henrique Souza@RPD-01401-TEC
ERROR 2026-06-09 13:54:49,771 NE_RS_UNBLDRE: Unable to load application resource file /resources/codins/codins/index.html api\debug\debug.cpp:20 Henrique Souza@RPD-01401-TEC
ERROR 2026-06-09 13:54:50,063 NE_RS_UNBLDRE: Unable to load application resource file /resources/codins/codins/index.html api\debug\debug.cpp:20 Henrique Souza@RPD-01401-TEC
ERROR 2026-06-09 13:54:50,372 NE_RS_UNBLDRE: Unable to load application resource file /resources/codins/codins/index.html api\debug\debug.cpp:20 Henrique Souza@RPD-01401-TEC
ERROR 2026-06-09 13:54:50,576 NE_RS_UNBLDRE: Unable to load application resource file /resources/codins/codins/index.html api\debug\debug.cpp:20 Henrique Souza@RPD-01401-TEC
ERROR 2026-06-09 15:40:33,129 NE_RS_UNBLDRE: Unable to load application resource file /resources/favicon.ico api\debug\debug.cpp:20 Henrique Souza@RPD-01401-TEC
ERROR 2026-06-09 15:40:48,150 NE_RS_UNBLDRE: Unable to load application resource file /resources/codins/js/neutralino.js api\debug\debug.cpp:20 Henrique Souza@RPD-01401-TEC
ERROR 2026-06-09 15:40:54,854 NE_RS_UNBLDRE: Unable to load application resource file /resources/codins/obras/index.html api\debug\debug.cpp:20 Henrique Souza@RPD-01401-TEC
ERROR 2026-06-09 15:55:46,257 NE_RS_UNBLDRE: Unable to load application resource file /resources/favicon.ico api\debug\debug.cpp:20 Henrique Souza@RPD-01401-TEC
ERROR 2026-06-09 15:55:56,471 NE_RS_UNBLDRE: Unable to load application resource file /resources/codins/js/neutralino.js api\debug\debug.cpp:20 Henrique Souza@RPD-01401-TEC
ERROR 2026-06-09 16:09:03,985 NE_RS_UNBLDRE: Unable to load application resource file /resources/index.html api\debug\debug.cpp:20 Henrique Souza@RPD-01401-TEC
ERROR 2026-06-09 16:09:05,258 NE_RS_UNBLDRE: Unable to load application resource file /resources/index.html api\debug\debug.cpp:20 Henrique Souza@RPD-01401-TEC
ERROR 2026-06-09 16:09:05,998 NE_RS_UNBLDRE: Unable to load application resource file /resources/index.html api\debug\debug.cpp:20 Henrique Souza@RPD-01401-TEC
ERROR 2026-06-09 16:09:06,299 NE_RS_UNBLDRE: Unable to load application resource file /resources/index.html api\debug\debug.cpp:20 Henrique Souza@RPD-01401-TEC
ERROR 2026-06-09 16:09:06,537 NE_RS_UNBLDRE: Unable to load application resource file /resources/index.html api\debug\debug.cpp:20 Henrique Souza@RPD-01401-TEC
ERROR 2026-06-09 16:09:06,850 NE_RS_UNBLDRE: Unable to load application resource file /resources/index.html api\debug\debug.cpp:20 Henrique Souza@RPD-01401-TEC
ERROR 2026-06-09 16:09:07,081 NE_RS_UNBLDRE: Unable to load application resource file /resources/index.html api\debug\debug.cpp:20 Henrique Souza@RPD-01401-TEC
ERROR 2026-06-09 16:09:07,386 NE_RS_UNBLDRE: Unable to load application resource file /resources/index.html api\debug\debug.cpp:20 Henrique Souza@RPD-01401-TEC
ERROR 2026-06-09 16:09:48,481 NE_RS_UNBLDRE: Unable to load application resource file /resources/index.html api\debug\debug.cpp:20 Henrique Souza@RPD-01401-TEC
ERROR 2026-06-09 16:11:26,791 NE_RS_UNBLDRE: Unable to load application resource file /resources/favicon.ico api\debug\debug.cpp:20 Henrique Souza@RPD-01401-TEC
ERROR 2026-06-09 16:11:56,878 NE_RS_UNBLDRE: Unable to load application resource file /resources/obras/index.html api\debug\debug.cpp:20 Henrique Souza@RPD-01401-TEC
ERROR 2026-06-09 16:11:58,300 NE_RS_UNBLDRE: Unable to load application resource file /resources/obras/index.html api\debug\debug.cpp:20 Henrique Souza@RPD-01401-TEC
ERROR 2026-06-09 16:14:22,674 NE_RS_UNBLDRE: Unable to load application resource file /resources/obras/index.html api\debug\debug.cpp:20 Henrique Souza@RPD-01401-TEC
ERROR 2026-06-09 16:14:22,903 NE_RS_UNBLDRE: Unable to load application resource file /resources/obras/index.html api\debug\debug.cpp:20 Henrique Souza@RPD-01401-TEC
ERROR 2026-06-09 16:14:23,063 NE_RS_UNBLDRE: Unable to load application resource file /resources/obras/index.html api\debug\debug.cpp:20 Henrique Souza@RPD-01401-TEC
ERROR 2026-06-09 16:14:23,376 NE_RS_UNBLDRE: Unable to load application resource file /resources/obras/index.html api\debug\debug.cpp:20 Henrique Souza@RPD-01401-TEC
ERROR 2026-06-09 16:14:24,077 NE_RS_UNBLDRE: Unable to load application resource file /resources/obras/index.html api\debug\debug.cpp:20 Henrique Souza@RPD-01401-TEC
ERROR 2026-06-09 16:14:24,659 NE_RS_UNBLDRE: Unable to load application resource file /resources/obras/index.html api\debug\debug.cpp:20 Henrique Souza@RPD-01401-TEC
ERROR 2026-06-09 16:14:24,975 NE_RS_UNBLDRE: Unable to load application resource file /resources/obras/index.html api\debug\debug.cpp:20 Henrique Souza@RPD-01401-TEC
ERROR 2026-06-09 16:14:25,123 NE_RS_UNBLDRE: Unable to load application resource file /resources/obras/index.html api\debug\debug.cpp:20 Henrique Souza@RPD-01401-TEC
ERROR 2026-06-09 16:14:25,356 NE_RS_UNBLDRE: Unable to load application resource file /resources/obras/index.html api\debug\debug.cpp:20 Henrique Souza@RPD-01401-TEC
ERROR 2026-06-09 16:14:25,484 NE_RS_UNBLDRE: Unable to load application resource file /resources/obras/index.html api\debug\debug.cpp:20 Henrique Souza@RPD-01401-TEC
ERROR 2026-06-09 16:14:26,916 NE_RS_UNBLDRE: Unable to load application resource file /resources/obras/index.html api\debug\debug.cpp:20 Henrique Souza@RPD-01401-TEC
ERROR 2026-06-09 16:14:27,481 NE_RS_UNBLDRE: Unable to load application resource file /resources/obras/index.html api\debug\debug.cpp:20 Henrique Souza@RPD-01401-TEC
ERROR 2026-06-09 16:14:27,793 NE_RS_UNBLDRE: Unable to load application resource file /resources/obras/index.html api\debug\debug.cpp:20 Henrique Souza@RPD-01401-TEC
ERROR 2026-06-09 16:14:27,944 NE_RS_UNBLDRE: Unable to load application resource file /resources/obras/index.html api\debug\debug.cpp:20 Henrique Souza@RPD-01401-TEC
ERROR 2026-06-09 16:14:28,248 NE_RS_UNBLDRE: Unable to load application resource file /resources/obras/index.html api\debug\debug.cpp:20 Henrique Souza@RPD-01401-TEC
ERROR 2026-06-09 16:14:43,057 NE_RS_UNBLDRE: Unable to load application resource file /resources/favicon.ico api\debug\debug.cpp:20 Henrique Souza@RPD-01401-TEC
ERROR 2026-06-09 16:15:08,128 NE_RS_UNBLDRE: Unable to load application resource file /resources/obras/index.html api\debug\debug.cpp:20 Henrique Souza@RPD-01401-TEC
ERROR 2026-06-09 16:15:10,954 NE_RS_UNBLDRE: Unable to load application resource file /resources/obras/index.html api\debug\debug.cpp:20 Henrique Souza@RPD-01401-TEC
ERROR 2026-06-09 16:15:46,047 NE_RS_UNBLDRE: Unable to load application resource file /resources/favicon.ico api\debug\debug.cpp:20 Henrique Souza@RPD-01401-TEC
ERROR 2026-06-09 16:16:06,592 NE_RS_UNBLDRE: Unable to load application resource file /resources/obras/index.html api\debug\debug.cpp:20 Henrique Souza@RPD-01401-TEC
ERROR 2026-06-09 16:18:33,177 NE_RS_UNBLDRE: Unable to load application resource file /resources/favicon.ico api\debug\debug.cpp:20 Henrique Souza@RPD-01401-TEC
ERROR 2026-06-09 16:18:35,528 NE_RS_UNBLDRE: Unable to load application resource file /resources/obras/indexkpi.html api\debug\debug.cpp:20 Henrique Souza@RPD-01401-TEC
ERROR 2026-06-09 16:19:12,866 NE_RS_UNBLDRE: Unable to load application resource file /resources/favicon.ico api\debug\debug.cpp:20 Henrique Souza@RPD-01401-TEC
ERROR 2026-06-09 16:19:59,366 NE_RS_UNBLDRE: Unable to load application resource file /resources/favicon.ico api\debug\debug.cpp:20 Henrique Souza@RPD-01401-TEC
ERROR 2026-06-09 16:20:04,389 NE_RS_UNBLDRE: Unable to load application resource file /resources/index.html api\debug\debug.cpp:20 Henrique Souza@RPD-01401-TEC
ERROR 2026-06-09 16:21:10,608 NE_RS_UNBLDRE: Unable to load application resource file /resources/index.html api\debug\debug.cpp:20 Henrique Souza@RPD-01401-TEC
ERROR 2026-06-09 16:21:11,106 NE_RS_UNBLDRE: Unable to load application resource file /resources/index.html api\debug\debug.cpp:20 Henrique Souza@RPD-01401-TEC
ERROR 2026-06-09 16:21:25,085 NE_RS_UNBLDRE: Unable to load application resource file /resources/favicon.ico api\debug\debug.cpp:20 Henrique Souza@RPD-01401-TEC
ERROR 2026-06-09 16:21:29,522 NE_RS_UNBLDRE: Unable to load application resource file /resources/kpi/indexobras.html api\debug\debug.cpp:20 Henrique Souza@RPD-01401-TEC
ERROR 2026-06-09 16:21:33,075 NE_RS_UNBLDRE: Unable to load application resource file /resources/kpi/indexobras.html api\debug\debug.cpp:20 Henrique Souza@RPD-01401-TEC
ERROR 2026-06-09 16:24:55,517 NE_RS_UNBLDRE: Unable to load application resource file /resources/favicon.ico api\debug\debug.cpp:20 Henrique Souza@RPD-01401-TEC
ERROR 2026-06-09 16:24:59,061 NE_RS_UNBLDRE: Unable to load application resource file /resources/obras/indexobobras.html api\debug\debug.cpp:20 Henrique Souza@RPD-01401-TEC
ERROR 2026-06-09 16:25:26,671 NE_RS_UNBLDRE: Unable to load application resource file /resources/obras/indexobobras.html api\debug\debug.cpp:20 Henrique Souza@RPD-01401-TEC
ERROR 2026-06-09 16:25:39,987 NE_RS_UNBLDRE: Unable to load application resource file /resources/favicon.ico api\debug\debug.cpp:20 Henrique Souza@RPD-01401-TEC
ERROR 2026-06-09 16:25:48,070 NE_RS_UNBLDRE: Unable to load application resource file /resources/kpi/indexobras.html api\debug\debug.cpp:20 Henrique Souza@RPD-01401-TEC
ERROR 2026-06-09 16:27:48,213 NE_RS_UNBLDRE: Unable to load application resource file /resources/favicon.ico api\debug\debug.cpp:20 Henrique Souza@RPD-01401-TEC
ERROR 2026-06-09 16:27:56,020 NE_RS_UNBLDRE: Unable to load application resource file /resources/kpi/indexobras.html api\debug\debug.cpp:20 Henrique Souza@RPD-01401-TEC
ERROR 2026-06-09 16:28:50,302 NE_RS_UNBLDRE: Unable to load application resource file /resources/favicon.ico api\debug\debug.cpp:20 Henrique Souza@RPD-01401-TEC
ERROR 2026-06-09 16:28:55,940 NE_RS_UNBLDRE: Unable to load application resource file /resources/codins/js/neutralino.js api\debug\debug.cpp:20 Henrique Souza@RPD-01401-TEC
ERROR 2026-06-09 16:28:57,640 NE_RS_UNBLDRE: Unable to load application resource file /resources/codins/obras/indexobras.html api\debug\debug.cpp:20 Henrique Souza@RPD-01401-TEC
ERROR 2026-06-09 16:29:11,575 NE_RS_UNBLDRE: Unable to load application resource file /resources/favicon.ico api\debug\debug.cpp:20 Henrique Souza@RPD-01401-TEC
ERROR 2026-06-10 08:19:39,204 NE_RS_UNBLDRE: Unable to load application resource file /resources/codins/js/neutralino.js api\debug\debug.cpp:20 Henrique Souza@RPD-01401-TEC
ERROR 2026-06-10 08:19:41,332 NE_RS_UNBLDRE: Unable to load application resource file /resources/codins/obras/indexobras.html api\debug\debug.cpp:20 Henrique Souza@RPD-01401-TEC
ERROR 2026-06-10 08:25:03,755 NE_RS_UNBLDRE: Unable to load application resource file /resources/favicon.ico api\debug\debug.cpp:20 Henrique Souza@RPD-01401-TEC
ERROR 2026-06-10 08:25:05,196 NE_RS_UNBLDRE: Unable to load application resource file /resources/codins/js/neutralino.js api\debug\debug.cpp:20 Henrique Souza@RPD-01401-TEC
ERROR 2026-06-10 08:26:41,673 NE_RS_UNBLDRE: Unable to load application resource file /resources/favicon.ico api\debug\debug.cpp:20 Henrique Souza@RPD-01401-TEC
ERROR 2026-06-10 08:26:43,610 NE_RS_UNBLDRE: Unable to load application resource file /resources/codins/js/neutralino.js api\debug\debug.cpp:20 Henrique Souza@RPD-01401-TEC
ERROR 2026-06-10 08:27:21,075 NE_RS_UNBLDRE: Unable to load application resource file /resources/favicon.ico api\debug\debug.cpp:20 Henrique Souza@RPD-01401-TEC
ERROR 2026-06-10 08:27:22,951 NE_RS_UNBLDRE: Unable to load application resource file /resources/codins/style.css api\debug\debug.cpp:20 Henrique Souza@RPD-01401-TEC
ERROR 2026-06-10 08:27:23,202 NE_RS_UNBLDRE: Unable to load application resource file /resources/codins/app.js api\debug\debug.cpp:20 Henrique Souza@RPD-01401-TEC
ERROR 2026-06-10 08:28:12,489 NE_RS_UNBLDRE: Unable to load application resource file /resources/favicon.ico api\debug\debug.cpp:20 Henrique Souza@RPD-01401-TEC
ERROR 2026-06-10 08:28:13,911 NE_RS_UNBLDRE: Unable to load application resource file /resources/codins/style.css api\debug\debug.cpp:20 Henrique Souza@RPD-01401-TEC
ERROR 2026-06-10 08:28:14,112 NE_RS_UNBLDRE: Unable to load application resource file /resources/codins/app.js api\debug\debug.cpp:20 Henrique Souza@RPD-01401-TEC
ERROR 2026-06-10 08:28:49,341 NE_RS_UNBLDRE: Unable to load application resource file /resources/favicon.ico api\debug\debug.cpp:20 Henrique Souza@RPD-01401-TEC
ERROR 2026-06-10 08:28:50,723 NE_RS_UNBLDRE: Unable to load application resource file /resources/codins/app.js api\debug\debug.cpp:20 Henrique Souza@RPD-01401-TEC
ERROR 2026-06-10 08:28:53,407 NE_RS_UNBLDRE: Unable to load application resource file /resources/index.html api\debug\debug.cpp:20 Henrique Souza@RPD-01401-TEC
ERROR 2026-06-10 08:29:25,092 NE_RS_UNBLDRE: Unable to load application resource file /resources/favicon.ico api\debug\debug.cpp:20 Henrique Souza@RPD-01401-TEC
ERROR 2026-06-10 08:29:27,538 NE_RS_UNBLDRE: Unable to load application resource file /resources/codins/app.js api\debug\debug.cpp:20 Henrique Souza@RPD-01401-TEC
ERROR 2026-06-10 08:29:29,923 NE_RS_UNBLDRE: Unable to load application resource file /resources/codins/app.js api\debug\debug.cpp:20 Henrique Souza@RPD-01401-TEC
ERROR 2026-06-10 08:29:31,620 NE_RS_UNBLDRE: Unable to load application resource file /resources/codins/app.js api\debug\debug.cpp:20 Henrique Souza@RPD-01401-TEC
ERROR 2026-06-10 08:29:35,516 NE_RS_UNBLDRE: Unable to load application resource file /resources/codins/app.js api\debug\debug.cpp:20 Henrique Souza@RPD-01401-TEC
ERROR 2026-06-10 08:41:02,479 NE_RS_UNBLDRE: Unable to load application resource file /resources/hubindex.html api\debug\debug.cpp:20 Henrique Souza@RPD-01401-TEC
ERROR 2026-06-10 08:41:06,900 NE_RS_UNBLDRE: Unable to load application resource file /resources/hubindex.html api\debug\debug.cpp:20 Henrique Souza@RPD-01401-TEC
ERROR 2026-06-10 08:46:33,367 NE_RS_UNBLDRE: Unable to load application resource file /resources/hubindex.html api\debug\debug.cpp:20 Henrique Souza@RPD-01401-TEC
ERROR 2026-06-10 08:46:35,559 NE_RS_UNBLDRE: Unable to load application resource file /resources/hubindex.html api\debug\debug.cpp:20 Henrique Souza@RPD-01401-TEC
ERROR 2026-06-10 08:47:44,887 NE_RS_UNBLDRE: Unable to load application resource file /resources/hubindex.html api\debug\debug.cpp:20 Henrique Souza@RPD-01401-TEC
ERROR 2026-06-10 08:48:07,435 NE_RS_UNBLDRE: Unable to load application resource file /resources/favicon.ico api\debug\debug.cpp:20 Henrique Souza@RPD-01401-TEC
ERROR 2026-06-10 08:48:09,022 NE_RS_UNBLDRE: Unable to load application resource file /resources/obras/style.css api\debug\debug.cpp:20 Henrique Souza@RPD-01401-TEC
ERROR 2026-06-10 08:48:09,204 NE_RS_UNBLDRE: Unable to load application resource file /resources/obras/app.js api\debug\debug.cpp:20 Henrique Souza@RPD-01401-TEC
ERROR 2026-06-10 08:48:44,917 NE_RS_UNBLDRE: Unable to load application resource file /resources/favicon.ico api\debug\debug.cpp:20 Henrique Souza@RPD-01401-TEC
ERROR 2026-06-10 08:48:46,800 NE_RS_UNBLDRE: Unable to load application resource file /resources/obras/app.js api\debug\debug.cpp:20 Henrique Souza@RPD-01401-TEC
ERROR 2026-06-10 08:49:11,028 NE_RS_UNBLDRE: Unable to load application resource file /resources/obras/app.js api\debug\debug.cpp:20 Henrique Souza@RPD-01401-TEC
ERROR 2026-06-10 08:53:31,928 NE_RS_UNBLDRE: Unable to load application resource file /resources/codins/app.js api\debug\debug.cpp:20 Henrique Souza@RPD-01401-TEC
ERROR 2026-06-10 08:53:36,111 NE_RS_UNBLDRE: Unable to load application resource file /resources/obras/app.js api\debug\debug.cpp:20 Henrique Souza@RPD-01401-TEC
ERROR 2026-06-10 08:53:51,741 NE_RS_UNBLDRE: Unable to load application resource file /resources/obras/app.js api\debug\debug.cpp:20 Henrique Souza@RPD-01401-TEC
ERROR 2026-06-10 08:54:06,236 NE_RS_UNBLDRE: Unable to load application resource file /resources/obras/app.js api\debug\debug.cpp:20 Henrique Souza@RPD-01401-TEC
ERROR 2026-06-10 08:57:14,499 NE_RS_UNBLDRE: Unable to load application resource file /resources/obras/app.js api\debug\debug.cpp:20 Henrique Souza@RPD-01401-TEC
ERROR 2026-06-10 08:57:40,796 NE_RS_UNBLDRE: Unable to load application resource file /resources/codins/app.js api\debug\debug.cpp:20 Henrique Souza@RPD-01401-TEC
ERROR 2026-06-10 08:57:42,979 NE_RS_UNBLDRE: Unable to load application resource file /resources/obras/app.js api\debug\debug.cpp:20 Henrique Souza@RPD-01401-TEC
ERROR 2026-06-10 08:57:49,158 NE_RS_UNBLDRE: Unable to load application resource file /resources/obras/app.js api\debug\debug.cpp:20 Henrique Souza@RPD-01401-TEC
ERROR 2026-06-10 08:57:59,022 NE_RS_UNBLDRE: Unable to load application resource file /resources/obras/app.js api\debug\debug.cpp:20 Henrique Souza@RPD-01401-TEC
ERROR 2026-06-10 08:58:16,841 NE_RS_UNBLDRE: Unable to load application resource file /resources/favicon.ico api\debug\debug.cpp:20 Henrique Souza@RPD-01401-TEC
ERROR 2026-06-10 08:58:18,776 NE_RS_UNBLDRE: Unable to load application resource file /resources/obras/app.js api\debug\debug.cpp:20 Henrique Souza@RPD-01401-TEC
ERROR 2026-06-10 08:59:56,379 NE_RS_UNBLDRE: Unable to load application resource file /resources/obras/app.js api\debug\debug.cpp:20 Henrique Souza@RPD-01401-TEC
ERROR 2026-06-10 08:59:58,895 NE_RS_UNBLDRE: Unable to load application resource file /resources/obras/indexobras.html api\debug\debug.cpp:20 Henrique Souza@RPD-01401-TEC
ERROR 2026-06-10 09:03:27,810 NE_RS_UNBLDRE: Unable to load application resource file /resources/favicon.ico api\debug\debug.cpp:20 Henrique Souza@RPD-01401-TEC
ERROR 2026-06-10 09:03:29,884 NE_RS_UNBLDRE: Unable to load application resource file /resources/obras/app.js api\debug\debug.cpp:20 Henrique Souza@RPD-01401-TEC
ERROR 2026-06-10 09:58:11,572 NE_RS_UNBLDRE: Unable to load application resource file /resources/codins/app.js api\debug\debug.cpp:20 Henrique Souza@RPD-01401-TEC
ERROR 2026-06-10 09:58:17,795 NE_RS_UNBLDRE: Unable to load application resource file /resources/obras/app.js api\debug\debug.cpp:20 Henrique Souza@RPD-01401-TEC
ERROR 2026-06-10 10:45:51,385 NE_RS_UNBLDRE: Unable to load application resource file /resources/obras/app.js api\debug\debug.cpp:20 Henrique Souza@RPD-01401-TEC
ERROR 2026-06-10 10:51:56,789 NE_RS_UNBLDRE: Unable to load application resource file /resources/obras/app.js api\debug\debug.cpp:20 Henrique Souza@RPD-01401-TEC
ERROR 2026-06-10 10:52:16,215 NE_RS_UNBLDRE: Unable to load application resource file /resources/obras/app.js api\debug\debug.cpp:20 Henrique Souza@RPD-01401-TEC
ERROR 2026-06-10 10:52:20,501 NE_RS_UNBLDRE: Unable to load application resource file /resources/codins/app.js api\debug\debug.cpp:20 Henrique Souza@RPD-01401-TEC
ERROR 2026-06-10 10:52:28,582 NE_RS_UNBLDRE: Unable to load application resource file /resources/obras/app.js api\debug\debug.cpp:20 Henrique Souza@RPD-01401-TEC
ERROR 2026-06-10 10:55:15,430 NE_RS_UNBLDRE: Unable to load application resource file /resources/codins/app.js api\debug\debug.cpp:20 Henrique Souza@RPD-01401-TEC
ERROR 2026-06-10 10:55:17,460 NE_RS_UNBLDRE: Unable to load application resource file /resources/obras/app.js api\debug\debug.cpp:20 Henrique Souza@RPD-01401-TEC
ERROR 2026-06-10 10:55:20,628 NE_RS_UNBLDRE: Unable to load application resource file /resources/codins/app.js api\debug\debug.cpp:20 Henrique Souza@RPD-01401-TEC
ERROR 2026-06-10 10:55:25,276 NE_RS_UNBLDRE: Unable to load application resource file /resources/favicon.ico api\debug\debug.cpp:20 Henrique Souza@RPD-01401-TEC
ERROR 2026-06-10 10:55:26,638 NE_RS_UNBLDRE: Unable to load application resource file /resources/obras/app.js api\debug\debug.cpp:20 Henrique Souza@RPD-01401-TEC
ERROR 2026-06-10 10:55:29,293 NE_RS_UNBLDRE: Unable to load application resource file /resources/codins/app.js api\debug\debug.cpp:20 Henrique Souza@RPD-01401-TEC
ERROR 2026-06-10 10:56:09,586 NE_RS_UNBLDRE: Unable to load application resource file /resources/favicon.ico api\debug\debug.cpp:20 Henrique Souza@RPD-01401-TEC
ERROR 2026-06-10 10:56:10,939 NE_RS_UNBLDRE: Unable to load application resource file /resources/obras/app.js api\debug\debug.cpp:20 Henrique Souza@RPD-01401-TEC
ERROR 2026-06-10 10:56:32,763 NE_RS_UNBLDRE: Unable to load application resource file /resources/obras/app.js api\debug\debug.cpp:20 Henrique Souza@RPD-01401-TEC
ERROR 2026-06-10 11:02:38,695 NE_RS_UNBLDRE: Unable to load application resource file /resources/obras/app.js api\debug\debug.cpp:20 Henrique Souza@RPD-01401-TEC
ERROR 2026-06-10 11:02:42,395 NE_RS_UNBLDRE: Unable to load application resource file /resources/favicon.ico api\debug\debug.cpp:20 Henrique Souza@RPD-01401-TEC
ERROR 2026-06-10 11:02:43,667 NE_RS_UNBLDRE: Unable to load application resource file /resources/obras/app.js api\debug\debug.cpp:20 Henrique Souza@RPD-01401-TEC
ERROR 2026-06-10 11:03:18,249 NE_RS_UNBLDRE: Unable to load application resource file /resources/favicon.ico api\debug\debug.cpp:20 Henrique Souza@RPD-01401-TEC
ERROR 2026-06-10 11:03:23,398 NE_RS_UNBLDRE: Unable to load application resource file /resources/obras/app.js api\debug\debug.cpp:20 Henrique Souza@RPD-01401-TEC
ERROR 2026-06-10 11:03:25,488 NE_RS_UNBLDRE: Unable to load application resource file /resources/codins/app.js api\debug\debug.cpp:20 Henrique Souza@RPD-01401-TEC
ERROR 2026-06-10 11:04:10,015 NE_RS_UNBLDRE: Unable to load application resource file /resources/favicon.ico api\debug\debug.cpp:20 Henrique Souza@RPD-01401-TEC
ERROR 2026-06-10 11:06:49,577 NE_RS_UNBLDRE: Unable to load application resource file /resources/favicon.ico api\debug\debug.cpp:20 Henrique Souza@RPD-01401-TEC
ERROR 2026-06-10 11:06:50,264 NE_RS_UNBLDRE: Unable to load application resource file /resources/favicon.ico api\debug\debug.cpp:20 Henrique Souza@RPD-01401-TEC
ERROR 2026-06-10 11:12:46,126 NE_RS_UNBLDRE: Unable to load application resource file /resources/favicon.ico api\debug\debug.cpp:20 Henrique Souza@RPD-01401-TEC
ERROR 2026-06-10 11:24:28,581 NE_RS_UNBLDRE: Unable to load application resource file /resources/favicon.ico api\debug\debug.cpp:20 Henrique Souza@RPD-01401-TEC
ERROR 2026-06-10 13:46:12,501 NE_RS_UNBLDRE: Unable to load application resource file /resources/favicon.ico api\debug\debug.cpp:20 Henrique Souza@RPD-01401-TEC
ERROR 2026-06-10 13:49:52,095 NE_RS_UNBLDRE: Unable to load application resource file /resources/favicon.ico api\debug\debug.cpp:20 Henrique Souza@RPD-01401-TEC
ERROR 2026-06-10 15:59:39,035 NE_RS_UNBLDRE: Unable to load application resource file /resources/kpi/obras/obras.html api\debug\debug.cpp:20 Henrique Souza@RPD-01401-TEC
ERROR 2026-06-10 16:02:22,069 NE_RS_UNBLDRE: Unable to load application resource file /resources/favicon.ico api\debug\debug.cpp:20 Henrique Souza@RPD-01401-TEC
ERROR 2026-06-10 16:03:48,576 NE_RS_UNBLDRE: Unable to load application resource file /resources/kpi/obras/obras.html api\debug\debug.cpp:20 Henrique Souza@RPD-01401-TEC
ERROR 2026-06-10 16:05:31,825 NE_RS_UNBLDRE: Unable to load application resource file /resources/kpi/obras/obras.html api\debug\debug.cpp:20 Henrique Souza@RPD-01401-TEC
ERROR 2026-06-10 16:05:33,248 NE_RS_UNBLDRE: Unable to load application resource file /resources/kpi/obras/obras.html api\debug\debug.cpp:20 Henrique Souza@RPD-01401-TEC
ERROR 2026-06-10 16:05:34,425 NE_RS_UNBLDRE: Unable to load application resource file /resources/kpi/obras/obras.html api\debug\debug.cpp:20 Henrique Souza@RPD-01401-TEC
ERROR 2026-06-10 16:05:34,730 NE_RS_UNBLDRE: Unable to load application resource file /resources/kpi/obras/obras.html api\debug\debug.cpp:20 Henrique Souza@RPD-01401-TEC
ERROR 2026-06-10 16:05:47,357 NE_RS_UNBLDRE: Unable to load application resource file /resources/favicon.ico api\debug\debug.cpp:20 Henrique Souza@RPD-01401-TEC
ERROR 2026-06-10 16:05:53,756 NE_RS_UNBLDRE: Unable to load application resource file /resources/kpi/..obras/obras.html api\debug\debug.cpp:20 Henrique Souza@RPD-01401-TEC
ERROR 2026-06-10 16:08:34,087 NE_RS_UNBLDRE: Unable to load application resource file /resources/favicon.ico api\debug\debug.cpp:20 Henrique Souza@RPD-01401-TEC
ERROR 2026-06-11 08:47:36,582 NE_RS_UNBLDRE: Unable to load application resource file /resources/favicon.ico api\debug\debug.cpp:20 Henrique Souza@RPD-01401-TEC
ERROR 2026-06-11 16:34:11,042 NE_RS_UNBLDRE: Unable to load application resource file /resources/favicon.ico api\debug\debug.cpp:20 Henrique Souza@RPD-01401-TEC
ERROR 2026-06-12 10:46:03,405 NE_RS_UNBLDRE: Unable to load application resource file /resources/favicon.ico api\debug\debug.cpp:20 Henrique Souza@RPD-01401-TEC
ERROR 2026-06-12 10:46:03,431 NE_RS_UNBLDRE: Unable to load application resource file /resources/favicon.ico api\debug\debug.cpp:20 Henrique Souza@RPD-01401-TEC
ERROR 2026-06-15 16:05:21,950 NE_RS_UNBLDRE: Unable to load application resource file /resources/favicon.ico api\debug\debug.cpp:20 Henrique Souza@RPD-01401-TEC
ERROR 2026-06-15 16:05:44,161 NE_RS_UNBLDRE: Unable to load application resource file /resources/favicon.ico api\debug\debug.cpp:20 Henrique Souza@RPD-01401-TEC
ERROR 2026-06-17 08:29:14,121 NE_RS_UNBLDRE: Unable to load application resource file /resources/hub.html api\debug\debug.cpp:20 Henrique Souza@RPD-01401-TEC
ERROR 2026-06-17 08:29:45,132 NE_RS_UNBLDRE: Unable to load application resource file /resources/hub.html api\debug\debug.cpp:20 Henrique Souza@RPD-01401-TEC
ERROR 2026-06-17 08:29:49,097 NE_RS_UNBLDRE: Unable to load application resource file /resources/hub.html api\debug\debug.cpp:20 Henrique Souza@RPD-01401-TEC
ERROR 2026-06-17 08:29:51,157 NE_RS_UNBLDRE: Unable to load application resource file /resources/hub.html api\debug\debug.cpp:20 Henrique Souza@RPD-01401-TEC
ERROR 2026-06-17 08:29:51,183 NE_RS_UNBLDRE: Unable to load application resource file /resources/hub.html api\debug\debug.cpp:20 Henrique Souza@RPD-01401-TEC
ERROR 2026-06-17 08:29:51,489 NE_RS_UNBLDRE: Unable to load application resource file /resources/hub.html api\debug\debug.cpp:20 Henrique Souza@RPD-01401-TEC
ERROR 2026-06-17 08:29:51,626 NE_RS_UNBLDRE: Unable to load application resource file /resources/hub.html api\debug\debug.cpp:20 Henrique Souza@RPD-01401-TEC
ERROR 2026-06-17 08:30:54,788 NE_RS_UNBLDRE: Unable to load application resource file /resources/favicon.ico api\debug\debug.cpp:20 Henrique Souza@RPD-01401-TEC
ERROR 2026-06-17 08:31:16,441 NE_RS_UNBLDRE: Unable to load application resource file /resources/kpi/..hub/hub.html api\debug\debug.cpp:20 Henrique Souza@RPD-01401-TEC
ERROR 2026-06-17 08:32:41,397 NE_RS_UNBLDRE: Unable to load application resource file /resources/favicon.ico api\debug\debug.cpp:20 Henrique Souza@RPD-01401-TEC
ERROR 2026-06-17 08:33:06,038 NE_RS_UNBLDRE: Unable to load application resource file /resources/favicon.ico api\debug\debug.cpp:20 Henrique Souza@RPD-01401-TEC
ERROR 2026-06-17 08:33:13,784 NE_RS_UNBLDRE: Unable to load application resource file /resources/hub/kpi/kpi.html api\debug\debug.cpp:20 Henrique Souza@RPD-01401-TEC
ERROR 2026-06-17 08:33:50,570 NE_RS_UNBLDRE: Unable to load application resource file /resources/favicon.ico api\debug\debug.cpp:20 Henrique Souza@RPD-01401-TEC
ERROR 2026-06-17 08:33:57,543 NE_RS_UNBLDRE: Unable to load application resource file /resources/hub/..kpi/kpi.html api\debug\debug.cpp:20 Henrique Souza@RPD-01401-TEC
ERROR 2026-06-17 08:35:03,408 NE_RS_UNBLDRE: Unable to load application resource file /resources/favicon.ico api\debug\debug.cpp:20 Henrique Souza@RPD-01401-TEC
ERROR 2026-06-17 09:05:42,732 NE_RS_UNBLDRE: Unable to load application resource file /resources/chamados/sidebar.js api\debug\debug.cpp:20 Henrique Souza@RPD-01401-TEC
ERROR 2026-06-17 09:06:08,511 NE_RS_UNBLDRE: Unable to load application resource file /resources/chamados/sidebar.js api\debug\debug.cpp:20 Henrique Souza@RPD-01401-TEC
ERROR 2026-06-17 10:09:42,601 NE_RS_UNBLDRE: Unable to load application resource file /resources/chamados/sidebar.js api\debug\debug.cpp:20 Henrique Souza@RPD-01401-TEC
ERROR 2026-06-17 10:17:22,507 NE_RS_UNBLDRE: Unable to load application resource file /resources/chamados/sidebar.js api\debug\debug.cpp:20 Henrique Souza@RPD-01401-TEC
ERROR 2026-06-17 11:08:44,734 NE_RS_UNBLDRE: Unable to load application resource file /resources/hub/config.html api\debug\debug.cpp:20 Henrique Souza@RPD-01401-TEC
ERROR 2026-06-17 11:50:40,969 NE_RS_UNBLDRE: Unable to load application resource file /resources/favicon.ico api\debug\debug.cpp:20 Henrique Souza@RPD-01401-TEC
ERROR 2026-06-22 10:42:50,958 NE_RS_UNBLDRE: Unable to load application resource file /resources/favicon.ico api\debug\debug.cpp:20 Henrique Souza@RPD-01401-TEC
ERROR 2026-06-22 10:42:58,133 NE_RS_UNBLDRE: Unable to load application resource file /resources/favicon.ico api\debug\debug.cpp:20 Henrique Souza@RPD-01401-TEC
ERROR 2026-06-23 08:48:40,932 NE_RS_UNBLDRE: Unable to load application resource file /resources/chamados/abrir.html api\debug\debug.cpp:20 Henrique Souza@RPD-01401-TEC
ERROR 2026-06-23 08:49:02,133 NE_RS_UNBLDRE: Unable to load application resource file /resources/chamados/abrir.html api\debug\debug.cpp:20 Henrique Souza@RPD-01401-TEC
ERROR 2026-06-23 08:49:30,434 NE_RS_UNBLDRE: Unable to load application resource file /resources/chamados/abrir.html api\debug\debug.cpp:20 Henrique Souza@RPD-01401-TEC
ERROR 2026-06-23 08:49:35,767 NE_RS_UNBLDRE: Unable to load application resource file /resources/abrir/abrir.html api\debug\debug.cpp:20 Henrique Souza@RPD-01401-TEC
ERROR 2026-06-23 08:50:22,374 NE_RS_UNBLDRE: Unable to load application resource file /resources/chamados/operador.html api\debug\debug.cpp:20 Henrique Souza@RPD-01401-TEC
ERROR 2026-06-23 08:50:29,491 NE_RS_UNBLDRE: Unable to load application resource file /resources/operador/SLA.js api\debug\debug.cpp:20 Henrique Souza@RPD-01401-TEC
